{"level":"info","message":"Hello error","date":"2021-07-07T23:12:28.607Z"}
{"message":{"animeName":"Horimiya","category":"shoujo","description":"Melhor anime forever","author":"Torako","studio":"Kyoto Animation","director":"Tatsuya Ishihara","realeaseYear":"2012","tags":"shoujo"},"level":"info","date":"2021-07-08T17:54:26.288Z"}
{"message":"\"image\" is required","level":"error","date":"2021-07-08T20:01:27.115Z"}
{"message":"relation \"TagsAnimes\" does not exist","level":"error","date":"2021-07-08T20:01:27.115Z"}
{"message":"Anime already exists","level":"error","date":"2021-07-08T20:04:40.546Z"}
{"message":"relation \"TagsAnimes\" does not exist","level":"error","date":"2021-07-08T20:10:06.237Z"}
{"message":"relation \"TagsAnimes\" does not exist","level":"error","date":"2021-07-08T20:10:06.237Z"}
{"message":"relation \"TagsAnimes\" does not exist","level":"error","date":"2021-07-08T20:18:44.423Z"}
{"message":"relation \"Tags_Animes\" does not exist","level":"error","date":"2021-07-08T20:21:49.336Z"}
{"message":"New tag name not informed","level":"error","date":"2021-07-09T17:14:14.675Z"}
{"message":"\"image\" is required","level":"error","date":"2021-07-09T17:14:14.675Z"}
{"message":"\"imageType\" must be [image/png]","level":"error","date":"2021-07-09T17:14:14.675Z"}
{"message":"error renaming image","level":"error","date":"2021-07-09T17:14:14.675Z"}
{"message":"\"imageType\" must be [image/png]","level":"error","date":"2021-07-09T17:20:37.883Z"}
{"message":"Anime already exists","level":"error","date":"2021-07-09T17:20:37.883Z"}
{"message":"\"name\" must only contain alpha-numeric characters","level":"error","date":"2021-07-09T17:20:37.883Z"}
{"errno":-4048,"code":"EPERM","syscall":"rename","path":"C:\\Users\\João Vitor\\Desktop\\Programação\\APIVideo\\uploads\\8ae795d8c9c745981fd2a3105f8e5b85d6b1a3cb.png1625851319269.png","dest":"C:\\Users\\João Vitor\\Desktop\\Programação\\APIVideo\\animes\\shoujo\\2[Horimiya 1]","level":"info","date":"2021-07-09T17:21:55.029Z"}
{"message":"error renaming image","level":"error","date":"2021-07-09T17:21:55.029Z"}
{"message":"error renaming image","level":"error","date":"2021-07-09T17:22:49.563Z"}
{"message":"It was not possible to create a new anime. Internal error.","level":"error","date":"2021-07-09T17:24:32.934Z"}
{"message":"It was not possible to create a new anime. Internal error.","level":"error","date":"2021-07-09T17:25:49.304Z"}
{"message":"error renaming image","level":"error","date":"2021-07-09T17:27:06.127Z"}
{"message":"Anime already exists","level":"error","date":"2021-07-09T17:31:05.821Z"}
{"message":"error renaming image","level":"error","date":"2021-07-09T17:31:05.821Z"}
{"status":400,"level":"error","date":"2021-07-09T17:35:01.908Z"}
{"status":500,"level":"error","date":"2021-07-09T17:35:01.908Z"}
{"message":"Anime already exists","level":"error","date":"2021-07-09T17:40:09.018Z"}
{"message":"error renaming image","level":"error","date":"2021-07-09T17:40:09.018Z"}
{"message":"Anime already exists","level":"error","date":"2021-07-09T17:41:42.309Z"}
{"message":"error renaming image","level":"error","date":"2021-07-09T17:41:42.309Z"}
{"message":"Anime already exists","level":"error","date":"2021-07-09T17:43:02.760Z"}
{"message":"error renaming image","level":"error","date":"2021-07-09T17:43:02.760Z"}
{"message":"Anime already exists","level":"error","date":"2021-07-09T17:50:38.579Z"}
{"message":"Anime already exists","level":"error","date":"2021-07-09T17:50:38.579Z"}
{"message":"error renaming image","level":"error","date":"2021-07-09T17:50:38.579Z"}
{"message":"error renaming image","level":"error","date":"2021-07-09T17:58:52.173Z"}
{"message":"error renaming image","level":"error","date":"2021-07-09T18:02:22.873Z"}
{"message":"error renaming image","level":"error","date":"2021-07-09T18:18:47.386Z"}
{"message":"Anime already exists","level":"error","date":"2021-07-09T18:22:01.967Z"}
{"message":"error renaming image","level":"error","date":"2021-07-09T18:22:01.967Z"}
{"message":"Anime already exists","level":"error","date":"2021-07-09T18:31:00.151Z"}
{"message":"error renaming image","level":"error","date":"2021-07-09T18:31:00.151Z"}
{"message":"Anime already exists","level":"error","date":"2021-07-09T18:50:44.603Z"}
{"message":"error renaming image","level":"error","date":"2021-07-09T18:50:44.603Z"}
{"message":"error renaming image","level":"error","date":"2021-07-09T18:52:48.237Z"}
{"message":"error renaming image","level":"error","date":"2021-07-09T18:54:22.644Z"}
{"message":"Anime already exists","level":"error","date":"2021-07-09T18:54:54.639Z"}
{"message":"error renaming image","level":"error","date":"2021-07-09T18:54:54.639Z"}
{"message":"Anime already exists","level":"error","date":"2021-07-09T19:01:30.848Z"}
{"message":"error renaming image","level":"error","date":"2021-07-09T19:01:30.848Z"}
{"message":"error renaming image","level":"error","date":"2021-07-09T19:03:56.874Z"}
{"message":"Anime already exists","level":"error","date":"2021-07-09T19:06:07.670Z"}
{"message":"error renaming image","level":"error","date":"2021-07-09T19:06:07.670Z"}
{"message":"It was not possible to create a new anime. Internal error.","level":"error","date":"2021-07-09T19:06:07.670Z"}
{"message":"It was not possible to create a new anime. Internal error.","level":"error","date":"2021-07-09T19:06:07.670Z"}
{"message":"error renaming image","level":"error","date":"2021-07-09T19:11:16.265Z"}
{"message":"Anime already exists","level":"error","date":"2021-07-09T19:16:01.451Z"}
{"message":"error renaming image","level":"error","date":"2021-07-09T19:16:01.451Z"}
{"message":"Anime already exists","level":"error","date":"2021-07-09T19:16:42.618Z"}
{"message":"error renaming image","level":"error","date":"2021-07-09T19:16:42.618Z"}
{"message":"Anime already exists","level":"error","date":"2021-07-09T19:23:55.649Z"}
{"message":"error renaming image","level":"error","date":"2021-07-09T19:23:55.649Z"}
{"message":"error renaming image","level":"error","date":"2021-07-09T19:37:43.003Z"}
{"message":"error renaming image","level":"error","date":"2021-07-09T19:39:27.615Z"}
{"message":"\"image\" is required","level":"error","date":"2021-07-14T23:38:50.180Z"}
{"message":"Anime already exists","level":"error","date":"2021-07-14T23:38:50.180Z"}
{"message":"error renaming image","level":"error","date":"2021-07-14T23:38:50.180Z"}
{"message":"Anime already exists","level":"error","date":"2021-07-14T23:54:51.008Z"}
{"message":"error renaming image","level":"error","date":"2021-07-14T23:54:51.008Z"}
{"message":"Anime already exists","level":"error","date":"2021-07-15T22:41:32.827Z"}
{"message":"error renaming image","level":"error","date":"2021-07-15T22:41:32.827Z"}
{"message":"Anime already exists","level":"error","date":"2021-07-15T22:56:44.000Z"}
{"message":"error renaming image","level":"error","date":"2021-07-15T22:56:44.000Z"}
